0 info it worked if it ends with ok
1 verbose cli [ '/Users/zhile/Sites/gitlab/node/nvm/versions/node/v4.4.3/bin/node',
1 verbose cli   '/Users/zhile/Sites/gitlab/node/nvm/versions/node/v4.4.3/lib/node_modules/tnpm/node_modules/npm/bin/npm-cli.js',
1 verbose cli   '--cache=/Users/zhile/.tnpm',
1 verbose cli   '--tmp=/Users/zhile/.tnpm_tmp',
1 verbose cli   '--progress=false',
1 verbose cli   '--no-proxy',
1 verbose cli   '--disturl=https://tnpm-hz.oss-cn-hangzhou.aliyuncs.com/dist/node',
1 verbose cli   '--userconfig=/Users/zhile/.tnpmrc',
1 verbose cli   '--registry=http://registry.npm.alibaba-inc.com',
1 verbose cli   'run',
1 verbose cli   'lint' ]
2 info using npm@3.10.9
3 info using node@v4.4.3
4 verbose run-script [ 'prelint', 'lint', 'postlint' ]
5 info lifecycle egg-rest@1.2.0~prelint: egg-rest@1.2.0
6 silly lifecycle egg-rest@1.2.0~prelint: no script for prelint, continuing
7 info lifecycle egg-rest@1.2.0~lint: egg-rest@1.2.0
8 verbose lifecycle egg-rest@1.2.0~lint: unsafe-perm in lifecycle true
9 verbose lifecycle egg-rest@1.2.0~lint: PATH: /Users/zhile/Sites/gitlab/node/nvm/versions/node/v4.4.3/lib/node_modules/tnpm/node_modules/npm/bin/node-gyp-bin:/Users/zhile/Sites/github/egg-rest/node_modules/.bin:/Users/zhile/Sites/gitlab/node/nvm/versions/node/v4.4.3/bin:/usr/local/bin:/usr/bin:/bin:/usr/sbin:/sbin
10 verbose lifecycle egg-rest@1.2.0~lint: CWD: /Users/zhile/Sites/github/egg-rest
11 silly lifecycle egg-rest@1.2.0~lint: Args: [ '-c', 'eslint .' ]
12 silly lifecycle egg-rest@1.2.0~lint: Returned: code: 1  signal: null
13 info lifecycle egg-rest@1.2.0~lint: Failed to exec lint script
14 verbose stack Error: egg-rest@1.2.0 lint: `eslint .`
14 verbose stack Exit status 1
14 verbose stack     at EventEmitter.<anonymous> (/Users/zhile/Sites/gitlab/node/nvm/versions/node/v4.4.3/lib/node_modules/tnpm/node_modules/npm/lib/utils/lifecycle.js:255:16)
14 verbose stack     at emitTwo (events.js:87:13)
14 verbose stack     at EventEmitter.emit (events.js:172:7)
14 verbose stack     at ChildProcess.<anonymous> (/Users/zhile/Sites/gitlab/node/nvm/versions/node/v4.4.3/lib/node_modules/tnpm/node_modules/npm/lib/utils/spawn.js:40:14)
14 verbose stack     at emitTwo (events.js:87:13)
14 verbose stack     at ChildProcess.emit (events.js:172:7)
14 verbose stack     at maybeClose (internal/child_process.js:827:16)
14 verbose stack     at Process.ChildProcess._handle.onexit (internal/child_process.js:211:5)
15 verbose pkgid egg-rest@1.2.0
16 verbose cwd /Users/zhile/Sites/github/egg-rest
17 error Darwin 16.0.0
18 error argv "/Users/zhile/Sites/gitlab/node/nvm/versions/node/v4.4.3/bin/node" "/Users/zhile/Sites/gitlab/node/nvm/versions/node/v4.4.3/lib/node_modules/tnpm/node_modules/npm/bin/npm-cli.js" "--cache=/Users/zhile/.tnpm" "--tmp=/Users/zhile/.tnpm_tmp" "--progress=false" "--no-proxy" "--disturl=https://tnpm-hz.oss-cn-hangzhou.aliyuncs.com/dist/node" "--userconfig=/Users/zhile/.tnpmrc" "--registry=http://registry.npm.alibaba-inc.com" "run" "lint"
19 error node v4.4.3
20 error npm  v3.10.9
21 error code ELIFECYCLE
22 error egg-rest@1.2.0 lint: `eslint .`
22 error Exit status 1
23 error Failed at the egg-rest@1.2.0 lint script 'eslint .'.
23 error Make sure you have the latest version of node.js and npm installed.
23 error If you do, this is most likely a problem with the egg-rest package,
23 error not with npm itself.
23 error Tell the author that this fails on your system:
23 error     eslint .
23 error You can get information on how to open an issue for this project with:
23 error     npm bugs egg-rest
23 error Or if that isn't available, you can get their info via:
23 error     npm owner ls egg-rest
23 error There is likely additional logging output above.
24 verbose exit [ 1, true ]
